<?xml version="1.0" encoding="UTF-8"?>
<testng-results skipped="0" failed="0" ignored="0" total="3" passed="3">
  <reporter-output>
  </reporter-output>
  <suite name="Default suite" duration-ms="65" started-at="2018-11-11T09:55:36Z" finished-at="2018-11-11T09:55:36Z">
    <groups>
    </groups>
    <test name="Default test" duration-ms="65" started-at="2018-11-11T09:55:36Z" finished-at="2018-11-11T09:55:36Z">
      <class name="Sample.FirstTestNGScript">
        <test-method status="PASS" signature="loginApplication()[pri:1, instance:Sample.FirstTestNGScript@100fc185]" name="loginApplication" duration-ms="15" started-at="2018-11-11T09:55:36Z" description="This test case will verify login functionality" finished-at="2018-11-11T09:55:36Z">
          <reporter-output>
          </reporter-output>
        </test-method> <!-- loginApplication -->
        <test-method status="PASS" signature="selectItems()[pri:2, instance:Sample.FirstTestNGScript@100fc185]" name="selectItems" duration-ms="6" started-at="2018-11-11T09:55:36Z" description="This test case will add certain items in basket" finished-at="2018-11-11T09:55:36Z">
          <reporter-output>
          </reporter-output>
        </test-method> <!-- selectItems -->
        <test-method status="PASS" signature="checkout()[pri:3, instance:Sample.FirstTestNGScript@100fc185]" name="checkout" duration-ms="2" started-at="2018-11-11T09:55:36Z" description="This test case will perform the checkout operation" finished-at="2018-11-11T09:55:36Z">
          <reporter-output>
          </reporter-output>
        </test-method> <!-- checkout -->
      </class> <!-- Sample.FirstTestNGScript -->
    </test> <!-- Default test -->
  </suite> <!-- Default suite -->
</testng-results>
